------------------------------------------------------------
Server listening on TCP port 5001
TCP window size:  128 KByte (default)
------------------------------------------------------------
------------------------------------------------------------
Client connecting to 192.168.10.2, TCP port 5001
TCP window size: 85.0 KByte (default)
------------------------------------------------------------
[  1] local 192.168.10.1 port 58130 connected with 192.168.10.2 port 5001
[  2] local 192.168.10.1 port 5001 connected with 192.168.10.2 port 49898
[ ID] Interval       Transfer     Bandwidth
[  2] 0.0000-1.0000 sec  97.4 MBytes   817 Mbits/sec
[  1] 0.0000-1.0000 sec   113 MBytes   946 Mbits/sec
[  2] 1.0000-2.0000 sec  98.0 MBytes   822 Mbits/sec
[  1] 1.0000-2.0000 sec   111 MBytes   928 Mbits/sec
[  2] 2.0000-3.0000 sec  98.9 MBytes   829 Mbits/sec
[  1] 2.0000-3.0000 sec   112 MBytes   938 Mbits/sec
[  2] 3.0000-4.0000 sec  99.6 MBytes   836 Mbits/sec
[  1] 3.0000-4.0000 sec   112 MBytes   935 Mbits/sec
[  2] 4.0000-5.0000 sec  99.8 MBytes   837 Mbits/sec
[  1] 4.0000-5.0000 sec   110 MBytes   926 Mbits/sec
[  2] 5.0000-6.0000 sec  98.0 MBytes   822 Mbits/sec
[  1] 5.0000-6.0000 sec   112 MBytes   935 Mbits/sec
[  2] 6.0000-7.0000 sec  98.5 MBytes   826 Mbits/sec
[  1] 6.0000-7.0000 sec   111 MBytes   931 Mbits/sec
[  2] 7.0000-8.0000 sec  98.4 MBytes   826 Mbits/sec
[  1] 7.0000-8.0000 sec   112 MBytes   937 Mbits/sec
[  2] 8.0000-9.0000 sec  98.3 MBytes   824 Mbits/sec
[  1] 8.0000-9.0000 sec   111 MBytes   928 Mbits/sec
[  2] 9.0000-10.0000 sec  99.4 MBytes   833 Mbits/sec
[  1] 9.0000-10.0000 sec   112 MBytes   941 Mbits/sec
[  2] 0.0000-10.0245 sec   989 MBytes   827 Mbits/sec
[  1] 0.0000-10.0325 sec  1.09 GBytes   932 Mbits/sec
